-------------------------------------------------------------------------------
Test set: com.parkit.parkingsystem.FareCalculatorServiceTest
-------------------------------------------------------------------------------
Tests run: 8, Failures: 1, Errors: 0, Skipped: 0, Time elapsed: 0.043 s <<< FAILURE! - in com.parkit.parkingsystem.FareCalculatorServiceTest
calculateFareCarWithMoreThan30minutesParkingTime  Time elapsed: 0.004 s  <<< FAILURE!
org.opentest4j.AssertionFailedError: expected: <0.0> but was: <0.725>
	at com.parkit.parkingsystem.FareCalculatorServiceTest.calculateFareCarWithMoreThan30minutesParkingTime(FareCalculatorServiceTest.java:145)

